<?xml version="1.0" encoding="utf-8"?><testsuites><testsuite name="pytest" errors="0" failures="0" skipped="0" tests="3" time="15.376" timestamp="2022-07-02T00:06:01.517752" hostname="Lanas-iMac.local"><testcase classname="test_HomePage.TestHomePage" name="test_formSubmission[getData0]" time="4.132" /><testcase classname="test_HomePage.TestHomePage" name="test_formSubmission[getData1]" time="0.561" /><testcase classname="test_e2e.TestOne" name="test_e2e" time="10.661" /></testsuite></testsuites>